0 info it worked if it ends with ok
1 verbose cli [ '/home/valentina/.nvm/versions/node/v4.0.0/bin/node',
1 verbose cli   '/home/valentina/.nvm/versions/node/v4.0.0/bin/npm',
1 verbose cli   'start' ]
2 info using npm@2.14.2
3 info using node@v4.0.0
4 verbose run-script [ 'prestart', 'start', 'poststart' ]
5 info prestart bon-in-a-box-frontend@0.0.1
6 info start bon-in-a-box-frontend@0.0.1
7 verbose unsafe-perm in lifecycle true
8 info bon-in-a-box-frontend@0.0.1 Failed to exec start script
9 verbose stack Error: bon-in-a-box-frontend@0.0.1 start: `nodemon -e jade,js app.js`
9 verbose stack spawn ENOENT
9 verbose stack     at ChildProcess.<anonymous> (/home/valentina/.nvm/versions/node/v4.0.0/lib/node_modules/npm/lib/utils/spawn.js:17:16)
9 verbose stack     at emitTwo (events.js:87:13)
9 verbose stack     at ChildProcess.emit (events.js:172:7)
9 verbose stack     at maybeClose (internal/child_process.js:817:16)
9 verbose stack     at Process.ChildProcess._handle.onexit (internal/child_process.js:211:5)
10 verbose pkgid bon-in-a-box-frontend@0.0.1
11 verbose cwd /home/valentina/Desktop/humboldt/bon-in-a-box/frontend
12 error Linux 3.19.0-28-generic
13 error argv "/home/valentina/.nvm/versions/node/v4.0.0/bin/node" "/home/valentina/.nvm/versions/node/v4.0.0/bin/npm" "start"
14 error node v4.0.0
15 error npm  v2.14.2
16 error file sh
17 error code ELIFECYCLE
18 error errno ENOENT
19 error syscall spawn
20 error bon-in-a-box-frontend@0.0.1 start: `nodemon -e jade,js app.js`
20 error spawn ENOENT
21 error Failed at the bon-in-a-box-frontend@0.0.1 start script 'nodemon -e jade,js app.js'.
21 error This is most likely a problem with the bon-in-a-box-frontend package,
21 error not with npm itself.
21 error Tell the author that this fails on your system:
21 error     nodemon -e jade,js app.js
21 error You can get their info via:
21 error     npm owner ls bon-in-a-box-frontend
21 error There is likely additional logging output above.
22 verbose exit [ 1, true ]
